<?xml version="1.0" encoding="UTF-8"?>
<testsuite name="com.shareMate.shareMate.ShareMateApplicationTests" tests="1" skipped="0" failures="0" errors="0" timestamp="2022-11-25T14:17:12" hostname="gimjihun-ui-MacBookAir.local" time="0.106">
  <properties/>
  <testcase name="contextLoads()" classname="com.shareMate.shareMate.ShareMateApplicationTests" time="0.106"/>
  <system-out><![CDATA[23:17:07.413 [Test worker] DEBUG org.springframework.test.context.BootstrapUtils - Instantiating CacheAwareContextLoaderDelegate from class [org.springframework.test.context.cache.DefaultCacheAwareContextLoaderDelegate]
23:17:07.420 [Test worker] DEBUG org.springframework.test.context.BootstrapUtils - Instantiating BootstrapContext using constructor [public org.springframework.test.context.support.DefaultBootstrapContext(java.lang.Class,org.springframework.test.context.CacheAwareContextLoaderDelegate)]
23:17:07.446 [Test worker] DEBUG org.springframework.test.context.BootstrapUtils - Instantiating TestContextBootstrapper for test class [com.shareMate.shareMate.ShareMateApplicationTests] from class [org.springframework.boot.test.context.SpringBootTestContextBootstrapper]
23:17:07.453 [Test worker] INFO org.springframework.boot.test.context.SpringBootTestContextBootstrapper - Neither @ContextConfiguration nor @ContextHierarchy found for test class [com.shareMate.shareMate.ShareMateApplicationTests], using SpringBootContextLoader
23:17:07.456 [Test worker] DEBUG org.springframework.test.context.support.AbstractContextLoader - Did not detect default resource location for test class [com.shareMate.shareMate.ShareMateApplicationTests]: class path resource [com/shareMate/shareMate/ShareMateApplicationTests-context.xml] does not exist
23:17:07.456 [Test worker] DEBUG org.springframework.test.context.support.AbstractContextLoader - Did not detect default resource location for test class [com.shareMate.shareMate.ShareMateApplicationTests]: class path resource [com/shareMate/shareMate/ShareMateApplicationTestsContext.groovy] does not exist
23:17:07.456 [Test worker] INFO org.springframework.test.context.support.AbstractContextLoader - Could not detect default resource locations for test class [com.shareMate.shareMate.ShareMateApplicationTests]: no resource found for suffixes {-context.xml, Context.groovy}.
23:17:07.457 [Test worker] INFO org.springframework.test.context.support.AnnotationConfigContextLoaderUtils - Could not detect default configuration classes for test class [com.shareMate.shareMate.ShareMateApplicationTests]: ShareMateApplicationTests does not declare any static, non-private, non-final, nested classes annotated with @Configuration.
23:17:07.486 [Test worker] DEBUG org.springframework.test.context.support.ActiveProfilesUtils - Could not find an 'annotation declaring class' for annotation type [org.springframework.test.context.ActiveProfiles] and class [com.shareMate.shareMate.ShareMateApplicationTests]
23:17:07.520 [Test worker] DEBUG org.springframework.context.annotation.ClassPathScanningCandidateComponentProvider - Identified candidate component class: file [/Users/kimjihoon/IdeaProjects/sharemate-server2/build/classes/java/main/com/shareMate/shareMate/ShareMateApplication.class]
23:17:07.521 [Test worker] INFO org.springframework.boot.test.context.SpringBootTestContextBootstrapper - Found @SpringBootConfiguration com.shareMate.shareMate.ShareMateApplication for test class com.shareMate.shareMate.ShareMateApplicationTests
23:17:07.568 [Test worker] DEBUG org.springframework.boot.test.context.SpringBootTestContextBootstrapper - @TestExecutionListeners is not present for class [com.shareMate.shareMate.ShareMateApplicationTests]: using defaults.
23:17:07.569 [Test worker] INFO org.springframework.boot.test.context.SpringBootTestContextBootstrapper - Loaded default TestExecutionListener class names from location [META-INF/spring.factories]: [org.springframework.boot.test.autoconfigure.restdocs.RestDocsTestExecutionListener, org.springframework.boot.test.autoconfigure.web.client.MockRestServiceServerResetTestExecutionListener, org.springframework.boot.test.autoconfigure.web.servlet.MockMvcPrintOnlyOnFailureTestExecutionListener, org.springframework.boot.test.autoconfigure.web.servlet.WebDriverTestExecutionListener, org.springframework.boot.test.autoconfigure.webservices.client.MockWebServiceServerTestExecutionListener, org.springframework.boot.test.mock.mockito.MockitoTestExecutionListener, org.springframework.boot.test.mock.mockito.ResetMocksTestExecutionListener, org.springframework.test.context.web.ServletTestExecutionListener, org.springframework.test.context.support.DirtiesContextBeforeModesTestExecutionListener, org.springframework.test.context.event.ApplicationEventsTestExecutionListener, org.springframework.test.context.support.DependencyInjectionTestExecutionListener, org.springframework.test.context.support.DirtiesContextTestExecutionListener, org.springframework.test.context.transaction.TransactionalTestExecutionListener, org.springframework.test.context.jdbc.SqlScriptsTestExecutionListener, org.springframework.test.context.event.EventPublishingTestExecutionListener]
23:17:07.578 [Test worker] INFO org.springframework.boot.test.context.SpringBootTestContextBootstrapper - Using TestExecutionListeners: [org.springframework.test.context.web.ServletTestExecutionListener@3f1c5af9, org.springframework.test.context.support.DirtiesContextBeforeModesTestExecutionListener@1c55f277, org.springframework.test.context.event.ApplicationEventsTestExecutionListener@5ddabb18, org.springframework.boot.test.mock.mockito.MockitoTestExecutionListener@3e8f7922, org.springframework.boot.test.autoconfigure.SpringBootDependencyInjectionTestExecutionListener@63192798, org.springframework.test.context.support.DirtiesContextTestExecutionListener@50eca7c6, org.springframework.test.context.transaction.TransactionalTestExecutionListener@58e6d4b8, org.springframework.test.context.jdbc.SqlScriptsTestExecutionListener@1de5f0ef, org.springframework.test.context.event.EventPublishingTestExecutionListener@376a312c, org.springframework.boot.test.autoconfigure.restdocs.RestDocsTestExecutionListener@28d6290, org.springframework.boot.test.autoconfigure.web.client.MockRestServiceServerResetTestExecutionListener@6ca0256d, org.springframework.boot.test.autoconfigure.web.servlet.MockMvcPrintOnlyOnFailureTestExecutionListener@5ef0d29e, org.springframework.boot.test.autoconfigure.web.servlet.WebDriverTestExecutionListener@38f57b3d, org.springframework.boot.test.autoconfigure.webservices.client.MockWebServiceServerTestExecutionListener@51850751, org.springframework.boot.test.mock.mockito.ResetMocksTestExecutionListener@3ce3db41]
23:17:07.581 [Test worker] DEBUG org.springframework.test.context.support.AbstractDirtiesContextTestExecutionListener - Before test class: context [DefaultTestContext@6a66a204 testClass = ShareMateApplicationTests, testInstance = [null], testMethod = [null], testException = [null], mergedContextConfiguration = [WebMergedContextConfiguration@5860f3d7 testClass = ShareMateApplicationTests, locations = '{}', classes = '{class com.shareMate.shareMate.ShareMateApplication}', contextInitializerClasses = '[]', activeProfiles = '{}', propertySourceLocations = '{}', propertySourceProperties = '{org.springframework.boot.test.context.SpringBootTestContextBootstrapper=true}', contextCustomizers = set[org.springframework.boot.test.autoconfigure.actuate.metrics.MetricsExportContextCustomizerFactory$DisableMetricExportContextCustomizer@22f31dec, org.springframework.boot.test.autoconfigure.properties.PropertyMappingContextCustomizer@0, org.springframework.boot.test.autoconfigure.web.servlet.WebDriverContextCustomizerFactory$Customizer@7a1234bf, org.springframework.boot.test.context.filter.ExcludeFilterContextCustomizer@6bffbc6d, org.springframework.boot.test.json.DuplicateJsonObjectContextCustomizerFactory$DuplicateJsonObjectContextCustomizer@39a2bb97, org.springframework.boot.test.mock.mockito.MockitoContextCustomizer@0, org.springframework.boot.test.web.client.TestRestTemplateContextCustomizer@3fc9504b, org.springframework.boot.test.context.SpringBootTestArgs@1, org.springframework.boot.test.context.SpringBootTestWebEnvironment@2892dae4], resourceBasePath = 'src/main/webapp', contextLoader = 'org.springframework.boot.test.context.SpringBootContextLoader', parent = [null]], attributes = map['org.springframework.test.context.web.ServletTestExecutionListener.activateListener' -> true]], class annotated with @DirtiesContext [false] with mode [null].

  .   ____          _            __ _ _
 /\\ / ___'_ __ _ _(_)_ __  __ _ \ \ \ \
( ( )\___ | '_ | '_| | '_ \/ _` | \ \ \ \
 \\/  ___)| |_)| | | | | || (_| |  ) ) ) )
  '  |____| .__|_| |_|_| |_\__, | / / / /
 =========|_|==============|___/=/_/_/_/
 :: Spring Boot ::                (v2.7.3)

2022-11-25 23:17:07.738  INFO 18164 --- [    Test worker] c.s.shareMate.ShareMateApplicationTests  : Starting ShareMateApplicationTests using Java 17.0.4.1 on gimjihun-ui-MacBookAir.local with PID 18164 (started by kimjihoon in /Users/kimjihoon/IdeaProjects/sharemate-server2)
2022-11-25 23:17:07.739  INFO 18164 --- [    Test worker] c.s.shareMate.ShareMateApplicationTests  : No active profile set, falling back to 1 default profile: "default"
2022-11-25 23:17:08.307  INFO 18164 --- [    Test worker] .s.d.r.c.RepositoryConfigurationDelegate : Bootstrapping Spring Data JPA repositories in DEFAULT mode.
2022-11-25 23:17:08.358  INFO 18164 --- [    Test worker] .s.d.r.c.RepositoryConfigurationDelegate : Finished Spring Data repository scanning in 46 ms. Found 8 JPA repository interfaces.
2022-11-25 23:17:08.888  INFO 18164 --- [    Test worker] trationDelegate$BeanPostProcessorChecker : Bean 'org.springframework.ws.config.annotation.DelegatingWsConfiguration' of type [org.springframework.ws.config.annotation.DelegatingWsConfiguration$$EnhancerBySpringCGLIB$$a3c48dfa] is not eligible for getting processed by all BeanPostProcessors (for example: not eligible for auto-proxying)
2022-11-25 23:17:08.959  INFO 18164 --- [    Test worker] .w.s.a.s.AnnotationActionEndpointMapping : Supporting [WS-Addressing August 2004, WS-Addressing 1.0]
2022-11-25 23:17:09.226  INFO 18164 --- [    Test worker] com.zaxxer.hikari.HikariDataSource       : HikariPool-1 - Starting...
2022-11-25 23:17:09.644  INFO 18164 --- [    Test worker] com.zaxxer.hikari.HikariDataSource       : HikariPool-1 - Start completed.
2022-11-25 23:17:09.715  INFO 18164 --- [    Test worker] o.hibernate.jpa.internal.util.LogHelper  : HHH000204: Processing PersistenceUnitInfo [name: default]
2022-11-25 23:17:09.759  INFO 18164 --- [    Test worker] org.hibernate.Version                    : HHH000412: Hibernate ORM core version 5.6.10.Final
2022-11-25 23:17:09.976  INFO 18164 --- [    Test worker] o.hibernate.annotations.common.Version   : HCANN000001: Hibernate Commons Annotations {5.1.2.Final}
2022-11-25 23:17:10.079  INFO 18164 --- [    Test worker] org.hibernate.dialect.Dialect            : HHH000400: Using dialect: org.hibernate.dialect.MariaDB106Dialect
2022-11-25 23:17:10.574  INFO 18164 --- [    Test worker] o.h.e.t.j.p.i.JtaPlatformInitiator       : HHH000490: Using JtaPlatform implementation: [org.hibernate.engine.transaction.jta.platform.internal.NoJtaPlatform]
2022-11-25 23:17:10.581  INFO 18164 --- [    Test worker] j.LocalContainerEntityManagerFactoryBean : Initialized JPA EntityManagerFactory for persistence unit 'default'
2022-11-25 23:17:10.665  WARN 18164 --- [    Test worker] JpaBaseConfiguration$JpaWebConfiguration : spring.jpa.open-in-view is enabled by default. Therefore, database queries may be performed during view rendering. Explicitly configure spring.jpa.open-in-view to disable this warning
2022-11-25 23:17:11.424  WARN 18164 --- [    Test worker] o.s.s.c.a.web.builders.WebSecurity       : You are asking Spring Security to ignore Ant [pattern='/css/**']. This is not recommended -- please use permitAll via HttpSecurity#authorizeHttpRequests instead.
2022-11-25 23:17:11.424  INFO 18164 --- [    Test worker] o.s.s.web.DefaultSecurityFilterChain     : Will not secure Ant [pattern='/css/**']
2022-11-25 23:17:11.425  WARN 18164 --- [    Test worker] o.s.s.c.a.web.builders.WebSecurity       : You are asking Spring Security to ignore Ant [pattern='/js/**']. This is not recommended -- please use permitAll via HttpSecurity#authorizeHttpRequests instead.
2022-11-25 23:17:11.425  INFO 18164 --- [    Test worker] o.s.s.web.DefaultSecurityFilterChain     : Will not secure Ant [pattern='/js/**']
2022-11-25 23:17:11.425  WARN 18164 --- [    Test worker] o.s.s.c.a.web.builders.WebSecurity       : You are asking Spring Security to ignore Ant [pattern='/img/**']. This is not recommended -- please use permitAll via HttpSecurity#authorizeHttpRequests instead.
2022-11-25 23:17:11.425  INFO 18164 --- [    Test worker] o.s.s.web.DefaultSecurityFilterChain     : Will not secure Ant [pattern='/img/**']
2022-11-25 23:17:11.425  WARN 18164 --- [    Test worker] o.s.s.c.a.web.builders.WebSecurity       : You are asking Spring Security to ignore Ant [pattern='/h2-console/**']. This is not recommended -- please use permitAll via HttpSecurity#authorizeHttpRequests instead.
2022-11-25 23:17:11.425  INFO 18164 --- [    Test worker] o.s.s.web.DefaultSecurityFilterChain     : Will not secure Ant [pattern='/h2-console/**']
2022-11-25 23:17:11.425  WARN 18164 --- [    Test worker] o.s.s.c.a.web.builders.WebSecurity       : You are asking Spring Security to ignore Ant [pattern='/swagger-ui/**']. This is not recommended -- please use permitAll via HttpSecurity#authorizeHttpRequests instead.
2022-11-25 23:17:11.425  INFO 18164 --- [    Test worker] o.s.s.web.DefaultSecurityFilterChain     : Will not secure Ant [pattern='/swagger-ui/**']
2022-11-25 23:17:11.474  INFO 18164 --- [    Test worker] o.s.s.web.DefaultSecurityFilterChain     : Will secure any request with [org.springframework.security.web.session.DisableEncodeUrlFilter@7236213e, org.springframework.security.web.context.request.async.WebAsyncManagerIntegrationFilter@3b3dc752, org.springframework.security.web.context.SecurityContextPersistenceFilter@3feb93a, org.springframework.security.web.header.HeaderWriterFilter@135f160e, org.springframework.web.filter.CorsFilter@4b20a8e4, org.springframework.security.web.authentication.logout.LogoutFilter@70ebaa1e, com.shareMate.shareMate.config.JwtAuthenticationFilter@6ad4ef13, org.springframework.security.web.savedrequest.RequestCacheAwareFilter@6a9a6a0c, org.springframework.security.web.servletapi.SecurityContextHolderAwareRequestFilter@3a22d69f, org.springframework.security.web.authentication.AnonymousAuthenticationFilter@29280ca6, org.springframework.security.web.session.SessionManagementFilter@186e254, org.springframework.security.web.access.ExceptionTranslationFilter@4d0e6424, org.springframework.security.web.access.intercept.FilterSecurityInterceptor@7aad7df5]
2022-11-25 23:17:12.073  WARN 18164 --- [    Test worker] d.s.r.o.OperationImplicitParameterReader : Unable to interpret the implicit parameter configuration with dataType: GroupDetailDto, dataTypeClass: class java.lang.Void
2022-11-25 23:17:12.107  WARN 18164 --- [    Test worker] d.s.r.o.OperationImplicitParameterReader : Unable to interpret the implicit parameter configuration with dataType: int, dataTypeClass: class java.lang.Void
2022-11-25 23:17:12.202  INFO 18164 --- [    Test worker] c.s.shareMate.ShareMateApplicationTests  : Started ShareMateApplicationTests in 4.6 seconds (JVM running for 5.251)
]]></system-out>
  <system-err><![CDATA[]]></system-err>
</testsuite>
