<?xml version="1.0" encoding="UTF-8"?>
<testsuite name="com.shareMate.shareMate.DB_test" tests="1" skipped="0" failures="0" errors="0" timestamp="2022-11-26T17:00:27" hostname="munminsuui-MacBookAir.local" time="0.034">
  <properties/>
  <testcase name="test()" classname="com.shareMate.shareMate.DB_test" time="0.034"/>
  <system-out><![CDATA[]]></system-out>
  <system-err><![CDATA[]]></system-err>
</testsuite>
