<?xml version="1.0" encoding="UTF-8"?>
<testsuite name="com.shareMate.shareMate.ShareMateApplicationTests" tests="1" skipped="0" failures="0" errors="0" timestamp="2022-11-27T06:44:35" hostname="munminsuui-MacBookAir.local" time="0.143">
  <properties/>
  <testcase name="contextLoads()" classname="com.shareMate.shareMate.ShareMateApplicationTests" time="0.143"/>
  <system-out><![CDATA[15:44:25.420 [Test worker] DEBUG org.springframework.test.context.BootstrapUtils - Instantiating CacheAwareContextLoaderDelegate from class [org.springframework.test.context.cache.DefaultCacheAwareContextLoaderDelegate]
15:44:25.432 [Test worker] DEBUG org.springframework.test.context.BootstrapUtils - Instantiating BootstrapContext using constructor [public org.springframework.test.context.support.DefaultBootstrapContext(java.lang.Class,org.springframework.test.context.CacheAwareContextLoaderDelegate)]
15:44:25.495 [Test worker] DEBUG org.springframework.test.context.BootstrapUtils - Instantiating TestContextBootstrapper for test class [com.shareMate.shareMate.ShareMateApplicationTests] from class [org.springframework.boot.test.context.SpringBootTestContextBootstrapper]
15:44:25.511 [Test worker] INFO org.springframework.boot.test.context.SpringBootTestContextBootstrapper - Neither @ContextConfiguration nor @ContextHierarchy found for test class [com.shareMate.shareMate.ShareMateApplicationTests], using SpringBootContextLoader
15:44:25.516 [Test worker] DEBUG org.springframework.test.context.support.AbstractContextLoader - Did not detect default resource location for test class [com.shareMate.shareMate.ShareMateApplicationTests]: class path resource [com/shareMate/shareMate/ShareMateApplicationTests-context.xml] does not exist
15:44:25.516 [Test worker] DEBUG org.springframework.test.context.support.AbstractContextLoader - Did not detect default resource location for test class [com.shareMate.shareMate.ShareMateApplicationTests]: class path resource [com/shareMate/shareMate/ShareMateApplicationTestsContext.groovy] does not exist
15:44:25.516 [Test worker] INFO org.springframework.test.context.support.AbstractContextLoader - Could not detect default resource locations for test class [com.shareMate.shareMate.ShareMateApplicationTests]: no resource found for suffixes {-context.xml, Context.groovy}.
15:44:25.517 [Test worker] INFO org.springframework.test.context.support.AnnotationConfigContextLoaderUtils - Could not detect default configuration classes for test class [com.shareMate.shareMate.ShareMateApplicationTests]: ShareMateApplicationTests does not declare any static, non-private, non-final, nested classes annotated with @Configuration.
15:44:25.572 [Test worker] DEBUG org.springframework.test.context.support.ActiveProfilesUtils - Could not find an 'annotation declaring class' for annotation type [org.springframework.test.context.ActiveProfiles] and class [com.shareMate.shareMate.ShareMateApplicationTests]
15:44:25.642 [Test worker] DEBUG org.springframework.context.annotation.ClassPathScanningCandidateComponentProvider - Identified candidate component class: file [/Users/moonchop/Desktop/spring/temp/sharemate-server/build/classes/java/main/com/shareMate/shareMate/ShareMateApplication.class]
15:44:25.643 [Test worker] INFO org.springframework.boot.test.context.SpringBootTestContextBootstrapper - Found @SpringBootConfiguration com.shareMate.shareMate.ShareMateApplication for test class com.shareMate.shareMate.ShareMateApplicationTests
15:44:25.738 [Test worker] DEBUG org.springframework.boot.test.context.SpringBootTestContextBootstrapper - @TestExecutionListeners is not present for class [com.shareMate.shareMate.ShareMateApplicationTests]: using defaults.
15:44:25.738 [Test worker] INFO org.springframework.boot.test.context.SpringBootTestContextBootstrapper - Loaded default TestExecutionListener class names from location [META-INF/spring.factories]: [org.springframework.boot.test.autoconfigure.restdocs.RestDocsTestExecutionListener, org.springframework.boot.test.autoconfigure.web.client.MockRestServiceServerResetTestExecutionListener, org.springframework.boot.test.autoconfigure.web.servlet.MockMvcPrintOnlyOnFailureTestExecutionListener, org.springframework.boot.test.autoconfigure.web.servlet.WebDriverTestExecutionListener, org.springframework.boot.test.autoconfigure.webservices.client.MockWebServiceServerTestExecutionListener, org.springframework.boot.test.mock.mockito.MockitoTestExecutionListener, org.springframework.boot.test.mock.mockito.ResetMocksTestExecutionListener, org.springframework.test.context.web.ServletTestExecutionListener, org.springframework.test.context.support.DirtiesContextBeforeModesTestExecutionListener, org.springframework.test.context.event.ApplicationEventsTestExecutionListener, org.springframework.test.context.support.DependencyInjectionTestExecutionListener, org.springframework.test.context.support.DirtiesContextTestExecutionListener, org.springframework.test.context.transaction.TransactionalTestExecutionListener, org.springframework.test.context.jdbc.SqlScriptsTestExecutionListener, org.springframework.test.context.event.EventPublishingTestExecutionListener]
15:44:25.813 [Test worker] INFO org.springframework.boot.test.context.SpringBootTestContextBootstrapper - Using TestExecutionListeners: [org.springframework.test.context.web.ServletTestExecutionListener@47a64f7d, org.springframework.test.context.support.DirtiesContextBeforeModesTestExecutionListener@33d05366, org.springframework.test.context.event.ApplicationEventsTestExecutionListener@27a0a5a2, org.springframework.boot.test.mock.mockito.MockitoTestExecutionListener@7692cd34, org.springframework.boot.test.autoconfigure.SpringBootDependencyInjectionTestExecutionListener@33aa93c, org.springframework.test.context.support.DirtiesContextTestExecutionListener@32c0915e, org.springframework.test.context.transaction.TransactionalTestExecutionListener@106faf11, org.springframework.test.context.jdbc.SqlScriptsTestExecutionListener@70f43b45, org.springframework.test.context.event.EventPublishingTestExecutionListener@26d10f2e, org.springframework.boot.test.autoconfigure.restdocs.RestDocsTestExecutionListener@10ad20cb, org.springframework.boot.test.autoconfigure.web.client.MockRestServiceServerResetTestExecutionListener@7dd712e8, org.springframework.boot.test.autoconfigure.web.servlet.MockMvcPrintOnlyOnFailureTestExecutionListener@2c282004, org.springframework.boot.test.autoconfigure.web.servlet.WebDriverTestExecutionListener@22ee2d0, org.springframework.boot.test.autoconfigure.webservices.client.MockWebServiceServerTestExecutionListener@7bfc3126, org.springframework.boot.test.mock.mockito.ResetMocksTestExecutionListener@3e792ce3]
15:44:25.819 [Test worker] DEBUG org.springframework.test.context.support.AbstractDirtiesContextTestExecutionListener - Before test class: context [DefaultTestContext@11ee02f8 testClass = ShareMateApplicationTests, testInstance = [null], testMethod = [null], testException = [null], mergedContextConfiguration = [WebMergedContextConfiguration@4102b1b1 testClass = ShareMateApplicationTests, locations = '{}', classes = '{class com.shareMate.shareMate.ShareMateApplication}', contextInitializerClasses = '[]', activeProfiles = '{}', propertySourceLocations = '{}', propertySourceProperties = '{org.springframework.boot.test.context.SpringBootTestContextBootstrapper=true}', contextCustomizers = set[org.springframework.boot.test.autoconfigure.actuate.metrics.MetricsExportContextCustomizerFactory$DisableMetricExportContextCustomizer@7b324585, org.springframework.boot.test.autoconfigure.properties.PropertyMappingContextCustomizer@0, org.springframework.boot.test.autoconfigure.web.servlet.WebDriverContextCustomizerFactory$Customizer@4cc6fa2a, org.springframework.boot.test.context.filter.ExcludeFilterContextCustomizer@590c73d3, org.springframework.boot.test.json.DuplicateJsonObjectContextCustomizerFactory$DuplicateJsonObjectContextCustomizer@435871cb, org.springframework.boot.test.mock.mockito.MockitoContextCustomizer@0, org.springframework.boot.test.web.client.TestRestTemplateContextCustomizer@13c3c1e1, org.springframework.boot.test.context.SpringBootTestArgs@1, org.springframework.boot.test.context.SpringBootTestWebEnvironment@205d38da], resourceBasePath = 'src/main/webapp', contextLoader = 'org.springframework.boot.test.context.SpringBootContextLoader', parent = [null]], attributes = map['org.springframework.test.context.web.ServletTestExecutionListener.activateListener' -> true]], class annotated with @DirtiesContext [false] with mode [null].

  .   ____          _            __ _ _
 /\\ / ___'_ __ _ _(_)_ __  __ _ \ \ \ \
( ( )\___ | '_ | '_| | '_ \/ _` | \ \ \ \
 \\/  ___)| |_)| | | | | || (_| |  ) ) ) )
  '  |____| .__|_| |_|_| |_\__, | / / / /
 =========|_|==============|___/=/_/_/_/
 :: Spring Boot ::                (v2.7.3)

2022-11-27 15:44:26.386  INFO 288 --- [    Test worker] c.s.shareMate.ShareMateApplicationTests  : Starting ShareMateApplicationTests using Java 11.0.11 on munminsuui-MacBookAir.local with PID 288 (started by moonchop in /Users/moonchop/Desktop/spring/temp/sharemate-server)
2022-11-27 15:44:26.389  INFO 288 --- [    Test worker] c.s.shareMate.ShareMateApplicationTests  : No active profile set, falling back to 1 default profile: "default"
2022-11-27 15:44:28.094  INFO 288 --- [    Test worker] .s.d.r.c.RepositoryConfigurationDelegate : Bootstrapping Spring Data JPA repositories in DEFAULT mode.
2022-11-27 15:44:28.227  INFO 288 --- [    Test worker] .s.d.r.c.RepositoryConfigurationDelegate : Finished Spring Data repository scanning in 126 ms. Found 8 JPA repository interfaces.
2022-11-27 15:44:28.854  INFO 288 --- [    Test worker] trationDelegate$BeanPostProcessorChecker : Bean 'org.springframework.ws.config.annotation.DelegatingWsConfiguration' of type [org.springframework.ws.config.annotation.DelegatingWsConfiguration$$EnhancerBySpringCGLIB$$4ab6c751] is not eligible for getting processed by all BeanPostProcessors (for example: not eligible for auto-proxying)
2022-11-27 15:44:28.922  INFO 288 --- [    Test worker] .w.s.a.s.AnnotationActionEndpointMapping : Supporting [WS-Addressing August 2004, WS-Addressing 1.0]
2022-11-27 15:44:29.359  INFO 288 --- [    Test worker] com.zaxxer.hikari.HikariDataSource       : HikariPool-1 - Starting...
2022-11-27 15:44:29.802  INFO 288 --- [    Test worker] com.zaxxer.hikari.HikariDataSource       : HikariPool-1 - Start completed.
2022-11-27 15:44:29.914  INFO 288 --- [    Test worker] o.hibernate.jpa.internal.util.LogHelper  : HHH000204: Processing PersistenceUnitInfo [name: default]
2022-11-27 15:44:29.960  INFO 288 --- [    Test worker] org.hibernate.Version                    : HHH000412: Hibernate ORM core version 5.6.10.Final
2022-11-27 15:44:30.129  INFO 288 --- [    Test worker] o.hibernate.annotations.common.Version   : HCANN000001: Hibernate Commons Annotations {5.1.2.Final}
2022-11-27 15:44:30.263  INFO 288 --- [    Test worker] org.hibernate.dialect.Dialect            : HHH000400: Using dialect: org.hibernate.dialect.MariaDB106Dialect
2022-11-27 15:44:31.135  INFO 288 --- [    Test worker] o.h.e.t.j.p.i.JtaPlatformInitiator       : HHH000490: Using JtaPlatform implementation: [org.hibernate.engine.transaction.jta.platform.internal.NoJtaPlatform]
2022-11-27 15:44:31.174  INFO 288 --- [    Test worker] j.LocalContainerEntityManagerFactoryBean : Initialized JPA EntityManagerFactory for persistence unit 'default'
2022-11-27 15:44:31.455  WARN 288 --- [    Test worker] JpaBaseConfiguration$JpaWebConfiguration : spring.jpa.open-in-view is enabled by default. Therefore, database queries may be performed during view rendering. Explicitly configure spring.jpa.open-in-view to disable this warning
2022-11-27 15:44:33.248  WARN 288 --- [    Test worker] o.s.s.c.a.web.builders.WebSecurity       : You are asking Spring Security to ignore Ant [pattern='/css/**']. This is not recommended -- please use permitAll via HttpSecurity#authorizeHttpRequests instead.
2022-11-27 15:44:33.250  INFO 288 --- [    Test worker] o.s.s.web.DefaultSecurityFilterChain     : Will not secure Ant [pattern='/css/**']
2022-11-27 15:44:33.250  WARN 288 --- [    Test worker] o.s.s.c.a.web.builders.WebSecurity       : You are asking Spring Security to ignore Ant [pattern='/js/**']. This is not recommended -- please use permitAll via HttpSecurity#authorizeHttpRequests instead.
2022-11-27 15:44:33.250  INFO 288 --- [    Test worker] o.s.s.web.DefaultSecurityFilterChain     : Will not secure Ant [pattern='/js/**']
2022-11-27 15:44:33.250  WARN 288 --- [    Test worker] o.s.s.c.a.web.builders.WebSecurity       : You are asking Spring Security to ignore Ant [pattern='/img/**']. This is not recommended -- please use permitAll via HttpSecurity#authorizeHttpRequests instead.
2022-11-27 15:44:33.251  INFO 288 --- [    Test worker] o.s.s.web.DefaultSecurityFilterChain     : Will not secure Ant [pattern='/img/**']
2022-11-27 15:44:33.251  WARN 288 --- [    Test worker] o.s.s.c.a.web.builders.WebSecurity       : You are asking Spring Security to ignore Ant [pattern='/h2-console/**']. This is not recommended -- please use permitAll via HttpSecurity#authorizeHttpRequests instead.
2022-11-27 15:44:33.251  INFO 288 --- [    Test worker] o.s.s.web.DefaultSecurityFilterChain     : Will not secure Ant [pattern='/h2-console/**']
2022-11-27 15:44:33.251  WARN 288 --- [    Test worker] o.s.s.c.a.web.builders.WebSecurity       : You are asking Spring Security to ignore Ant [pattern='/swagger-ui/**']. This is not recommended -- please use permitAll via HttpSecurity#authorizeHttpRequests instead.
2022-11-27 15:44:33.251  INFO 288 --- [    Test worker] o.s.s.web.DefaultSecurityFilterChain     : Will not secure Ant [pattern='/swagger-ui/**']
2022-11-27 15:44:33.362  INFO 288 --- [    Test worker] o.s.s.web.DefaultSecurityFilterChain     : Will secure any request with [org.springframework.security.web.session.DisableEncodeUrlFilter@506d7fed, org.springframework.security.web.context.request.async.WebAsyncManagerIntegrationFilter@1bdb6b36, org.springframework.security.web.context.SecurityContextPersistenceFilter@6b23897a, org.springframework.security.web.header.HeaderWriterFilter@4265cbed, org.springframework.web.filter.CorsFilter@381d7c4c, org.springframework.security.web.authentication.logout.LogoutFilter@3437fc4f, com.shareMate.shareMate.config.JwtAuthenticationFilter@1e3689e7, org.springframework.security.web.savedrequest.RequestCacheAwareFilter@69fa5536, org.springframework.security.web.servletapi.SecurityContextHolderAwareRequestFilter@4205d1c9, org.springframework.security.web.authentication.AnonymousAuthenticationFilter@259f0fdb, org.springframework.security.web.session.SessionManagementFilter@3d84f113, org.springframework.security.web.access.ExceptionTranslationFilter@62818ab0, org.springframework.security.web.access.intercept.FilterSecurityInterceptor@73b034ca]
2022-11-27 15:44:34.711  WARN 288 --- [    Test worker] d.s.r.o.OperationImplicitParameterReader : Unable to interpret the implicit parameter configuration with dataType: GroupDetailDto, dataTypeClass: class java.lang.Void
2022-11-27 15:44:34.787  WARN 288 --- [    Test worker] d.s.r.o.OperationImplicitParameterReader : Unable to interpret the implicit parameter configuration with dataType: int, dataTypeClass: class java.lang.Void
2022-11-27 15:44:34.988  INFO 288 --- [    Test worker] c.s.shareMate.ShareMateApplicationTests  : Started ShareMateApplicationTests in 9.12 seconds (JVM running for 10.89)
]]></system-out>
  <system-err><![CDATA[]]></system-err>
</testsuite>
