<?xml version="1.0" encoding="UTF-8"?>
<testsuite name="com.shareMate.shareMate.ShareMateApplicationTests" tests="1" skipped="0" failures="0" errors="0" timestamp="2022-11-12T07:12:24" hostname="gimjihun-ui-MacBookAir.local" time="0.089">
  <properties/>
  <testcase name="contextLoads()" classname="com.shareMate.shareMate.ShareMateApplicationTests" time="0.089"/>
  <system-out><![CDATA[16:12:21.235 [Test worker] DEBUG org.springframework.test.context.BootstrapUtils - Instantiating CacheAwareContextLoaderDelegate from class [org.springframework.test.context.cache.DefaultCacheAwareContextLoaderDelegate]
16:12:21.242 [Test worker] DEBUG org.springframework.test.context.BootstrapUtils - Instantiating BootstrapContext using constructor [public org.springframework.test.context.support.DefaultBootstrapContext(java.lang.Class,org.springframework.test.context.CacheAwareContextLoaderDelegate)]
16:12:21.262 [Test worker] DEBUG org.springframework.test.context.BootstrapUtils - Instantiating TestContextBootstrapper for test class [com.shareMate.shareMate.ShareMateApplicationTests] from class [org.springframework.boot.test.context.SpringBootTestContextBootstrapper]
16:12:21.267 [Test worker] INFO org.springframework.boot.test.context.SpringBootTestContextBootstrapper - Neither @ContextConfiguration nor @ContextHierarchy found for test class [com.shareMate.shareMate.ShareMateApplicationTests], using SpringBootContextLoader
16:12:21.269 [Test worker] DEBUG org.springframework.test.context.support.AbstractContextLoader - Did not detect default resource location for test class [com.shareMate.shareMate.ShareMateApplicationTests]: class path resource [com/shareMate/shareMate/ShareMateApplicationTests-context.xml] does not exist
16:12:21.270 [Test worker] DEBUG org.springframework.test.context.support.AbstractContextLoader - Did not detect default resource location for test class [com.shareMate.shareMate.ShareMateApplicationTests]: class path resource [com/shareMate/shareMate/ShareMateApplicationTestsContext.groovy] does not exist
16:12:21.270 [Test worker] INFO org.springframework.test.context.support.AbstractContextLoader - Could not detect default resource locations for test class [com.shareMate.shareMate.ShareMateApplicationTests]: no resource found for suffixes {-context.xml, Context.groovy}.
16:12:21.271 [Test worker] INFO org.springframework.test.context.support.AnnotationConfigContextLoaderUtils - Could not detect default configuration classes for test class [com.shareMate.shareMate.ShareMateApplicationTests]: ShareMateApplicationTests does not declare any static, non-private, non-final, nested classes annotated with @Configuration.
16:12:21.292 [Test worker] DEBUG org.springframework.test.context.support.ActiveProfilesUtils - Could not find an 'annotation declaring class' for annotation type [org.springframework.test.context.ActiveProfiles] and class [com.shareMate.shareMate.ShareMateApplicationTests]
16:12:21.325 [Test worker] DEBUG org.springframework.context.annotation.ClassPathScanningCandidateComponentProvider - Identified candidate component class: file [/Users/kimjihoon/IdeaProjects/sharemate-server2/build/classes/java/main/com/shareMate/shareMate/ShareMateApplication.class]
16:12:21.326 [Test worker] INFO org.springframework.boot.test.context.SpringBootTestContextBootstrapper - Found @SpringBootConfiguration com.shareMate.shareMate.ShareMateApplication for test class com.shareMate.shareMate.ShareMateApplicationTests
16:12:21.373 [Test worker] DEBUG org.springframework.boot.test.context.SpringBootTestContextBootstrapper - @TestExecutionListeners is not present for class [com.shareMate.shareMate.ShareMateApplicationTests]: using defaults.
16:12:21.373 [Test worker] INFO org.springframework.boot.test.context.SpringBootTestContextBootstrapper - Loaded default TestExecutionListener class names from location [META-INF/spring.factories]: [org.springframework.boot.test.autoconfigure.restdocs.RestDocsTestExecutionListener, org.springframework.boot.test.autoconfigure.web.client.MockRestServiceServerResetTestExecutionListener, org.springframework.boot.test.autoconfigure.web.servlet.MockMvcPrintOnlyOnFailureTestExecutionListener, org.springframework.boot.test.autoconfigure.web.servlet.WebDriverTestExecutionListener, org.springframework.boot.test.autoconfigure.webservices.client.MockWebServiceServerTestExecutionListener, org.springframework.boot.test.mock.mockito.MockitoTestExecutionListener, org.springframework.boot.test.mock.mockito.ResetMocksTestExecutionListener, org.springframework.test.context.web.ServletTestExecutionListener, org.springframework.test.context.support.DirtiesContextBeforeModesTestExecutionListener, org.springframework.test.context.event.ApplicationEventsTestExecutionListener, org.springframework.test.context.support.DependencyInjectionTestExecutionListener, org.springframework.test.context.support.DirtiesContextTestExecutionListener, org.springframework.test.context.transaction.TransactionalTestExecutionListener, org.springframework.test.context.jdbc.SqlScriptsTestExecutionListener, org.springframework.test.context.event.EventPublishingTestExecutionListener]
16:12:21.382 [Test worker] INFO org.springframework.boot.test.context.SpringBootTestContextBootstrapper - Using TestExecutionListeners: [org.springframework.test.context.web.ServletTestExecutionListener@350ec41e, org.springframework.test.context.support.DirtiesContextBeforeModesTestExecutionListener@69637b10, org.springframework.test.context.event.ApplicationEventsTestExecutionListener@71984c3, org.springframework.boot.test.mock.mockito.MockitoTestExecutionListener@165b2f7f, org.springframework.boot.test.autoconfigure.SpringBootDependencyInjectionTestExecutionListener@5536379e, org.springframework.test.context.support.DirtiesContextTestExecutionListener@277f7dd3, org.springframework.test.context.transaction.TransactionalTestExecutionListener@6c8bca63, org.springframework.test.context.jdbc.SqlScriptsTestExecutionListener@2364305a, org.springframework.test.context.event.EventPublishingTestExecutionListener@470a696f, org.springframework.boot.test.autoconfigure.restdocs.RestDocsTestExecutionListener@1bc715b8, org.springframework.boot.test.autoconfigure.web.client.MockRestServiceServerResetTestExecutionListener@292d1c71, org.springframework.boot.test.autoconfigure.web.servlet.MockMvcPrintOnlyOnFailureTestExecutionListener@2b491fee, org.springframework.boot.test.autoconfigure.web.servlet.WebDriverTestExecutionListener@3f1c5af9, org.springframework.boot.test.autoconfigure.webservices.client.MockWebServiceServerTestExecutionListener@1c55f277, org.springframework.boot.test.mock.mockito.ResetMocksTestExecutionListener@5ddabb18]
16:12:21.383 [Test worker] DEBUG org.springframework.test.context.support.AbstractDirtiesContextTestExecutionListener - Before test class: context [DefaultTestContext@16f7b4af testClass = ShareMateApplicationTests, testInstance = [null], testMethod = [null], testException = [null], mergedContextConfiguration = [WebMergedContextConfiguration@7adf16aa testClass = ShareMateApplicationTests, locations = '{}', classes = '{class com.shareMate.shareMate.ShareMateApplication}', contextInitializerClasses = '[]', activeProfiles = '{}', propertySourceLocations = '{}', propertySourceProperties = '{org.springframework.boot.test.context.SpringBootTestContextBootstrapper=true}', contextCustomizers = set[org.springframework.boot.test.autoconfigure.actuate.metrics.MetricsExportContextCustomizerFactory$DisableMetricExportContextCustomizer@34c01041, org.springframework.boot.test.autoconfigure.properties.PropertyMappingContextCustomizer@0, org.springframework.boot.test.autoconfigure.web.servlet.WebDriverContextCustomizerFactory$Customizer@2f62ea70, org.springframework.boot.test.context.filter.ExcludeFilterContextCustomizer@1b84f475, org.springframework.boot.test.json.DuplicateJsonObjectContextCustomizerFactory$DuplicateJsonObjectContextCustomizer@3ad2e17, org.springframework.boot.test.mock.mockito.MockitoContextCustomizer@0, org.springframework.boot.test.web.client.TestRestTemplateContextCustomizer@6d025197, org.springframework.boot.test.context.SpringBootTestArgs@1, org.springframework.boot.test.context.SpringBootTestWebEnvironment@13b13b5d], resourceBasePath = 'src/main/webapp', contextLoader = 'org.springframework.boot.test.context.SpringBootContextLoader', parent = [null]], attributes = map['org.springframework.test.context.web.ServletTestExecutionListener.activateListener' -> true]], class annotated with @DirtiesContext [false] with mode [null].

  .   ____          _            __ _ _
 /\\ / ___'_ __ _ _(_)_ __  __ _ \ \ \ \
( ( )\___ | '_ | '_| | '_ \/ _` | \ \ \ \
 \\/  ___)| |_)| | | | | || (_| |  ) ) ) )
  '  |____| .__|_| |_|_| |_\__, | / / / /
 =========|_|==============|___/=/_/_/_/
 :: Spring Boot ::                (v2.7.3)

2022-11-12 16:12:21.553  INFO 38989 --- [    Test worker] c.s.shareMate.ShareMateApplicationTests  : Starting ShareMateApplicationTests using Java 17.0.4.1 on gimjihun-ui-MacBookAir.local with PID 38989 (started by kimjihoon in /Users/kimjihoon/IdeaProjects/sharemate-server2)
2022-11-12 16:12:21.554  INFO 38989 --- [    Test worker] c.s.shareMate.ShareMateApplicationTests  : No active profile set, falling back to 1 default profile: "default"
2022-11-12 16:12:22.102  INFO 38989 --- [    Test worker] .s.d.r.c.RepositoryConfigurationDelegate : Bootstrapping Spring Data JPA repositories in DEFAULT mode.
2022-11-12 16:12:22.141  INFO 38989 --- [    Test worker] .s.d.r.c.RepositoryConfigurationDelegate : Finished Spring Data repository scanning in 35 ms. Found 7 JPA repository interfaces.
2022-11-12 16:12:22.364  INFO 38989 --- [    Test worker] trationDelegate$BeanPostProcessorChecker : Bean 'org.springframework.ws.config.annotation.DelegatingWsConfiguration' of type [org.springframework.ws.config.annotation.DelegatingWsConfiguration$$EnhancerBySpringCGLIB$$146d931d] is not eligible for getting processed by all BeanPostProcessors (for example: not eligible for auto-proxying)
2022-11-12 16:12:22.406  INFO 38989 --- [    Test worker] .w.s.a.s.AnnotationActionEndpointMapping : Supporting [WS-Addressing August 2004, WS-Addressing 1.0]
2022-11-12 16:12:22.536  INFO 38989 --- [    Test worker] com.zaxxer.hikari.HikariDataSource       : HikariPool-1 - Starting...
2022-11-12 16:12:22.994  INFO 38989 --- [    Test worker] com.zaxxer.hikari.HikariDataSource       : HikariPool-1 - Start completed.
2022-11-12 16:12:23.034  INFO 38989 --- [    Test worker] o.hibernate.jpa.internal.util.LogHelper  : HHH000204: Processing PersistenceUnitInfo [name: default]
2022-11-12 16:12:23.059  INFO 38989 --- [    Test worker] org.hibernate.Version                    : HHH000412: Hibernate ORM core version 5.6.10.Final
2022-11-12 16:12:23.154  INFO 38989 --- [    Test worker] o.hibernate.annotations.common.Version   : HCANN000001: Hibernate Commons Annotations {5.1.2.Final}
2022-11-12 16:12:23.217  INFO 38989 --- [    Test worker] org.hibernate.dialect.Dialect            : HHH000400: Using dialect: org.hibernate.dialect.MariaDB106Dialect
2022-11-12 16:12:23.597  INFO 38989 --- [    Test worker] o.h.e.t.j.p.i.JtaPlatformInitiator       : HHH000490: Using JtaPlatform implementation: [org.hibernate.engine.transaction.jta.platform.internal.NoJtaPlatform]
2022-11-12 16:12:23.602  INFO 38989 --- [    Test worker] j.LocalContainerEntityManagerFactoryBean : Initialized JPA EntityManagerFactory for persistence unit 'default'
2022-11-12 16:12:23.669  WARN 38989 --- [    Test worker] JpaBaseConfiguration$JpaWebConfiguration : spring.jpa.open-in-view is enabled by default. Therefore, database queries may be performed during view rendering. Explicitly configure spring.jpa.open-in-view to disable this warning
2022-11-12 16:12:24.401  INFO 38989 --- [    Test worker] o.s.s.web.DefaultSecurityFilterChain     : Will secure any request with [org.springframework.security.web.session.DisableEncodeUrlFilter@78de0f6f, org.springframework.security.web.context.request.async.WebAsyncManagerIntegrationFilter@588614f9, org.springframework.security.web.context.SecurityContextPersistenceFilter@969c2f9, org.springframework.security.web.header.HeaderWriterFilter@585718dd, org.springframework.security.web.authentication.logout.LogoutFilter@549be307, com.shareMate.shareMate.config.JwtAuthenticationFilter@16718e1b, org.springframework.security.web.savedrequest.RequestCacheAwareFilter@36e11b60, org.springframework.security.web.servletapi.SecurityContextHolderAwareRequestFilter@3bede349, org.springframework.security.web.authentication.AnonymousAuthenticationFilter@7fb313e3, org.springframework.security.web.session.SessionManagementFilter@268f126f, org.springframework.security.web.access.ExceptionTranslationFilter@6a233d33, org.springframework.security.web.access.intercept.FilterSecurityInterceptor@1d160161]
2022-11-12 16:12:24.980  INFO 38989 --- [    Test worker] c.s.shareMate.ShareMateApplicationTests  : Started ShareMateApplicationTests in 3.58 seconds (JVM running for 4.222)
]]></system-out>
  <system-err><![CDATA[]]></system-err>
</testsuite>
